\BOOKMARK [0][-]{chapter*.1}{ACKNOWLEDGEMENTS}{}% 1
\BOOKMARK [0][-]{chapter*.2}{ABSTRACT}{}% 2
\BOOKMARK [0][-]{chapter*.4}{LIST OF ALGORITHMS}{}% 3
\BOOKMARK [0][-]{chapter*.6}{ABBREVIATIONS}{}% 4
\BOOKMARK [0][-]{section*.8}{NOTATIONS}{}% 5
\BOOKMARK [0][-]{chapter.1}{toINTRODUCTION}{}% 6
\BOOKMARK [1][-]{section.1.1}{Reinforcement Learning}{chapter.1}% 7
\BOOKMARK [1][-]{section.1.2}{Imitation Learning}{chapter.1}% 8
\BOOKMARK [1][-]{section.1.3}{Inverse Reinforcement Learning}{chapter.1}% 9
\BOOKMARK [2][-]{subsection.1.3.1}{Generalization in IRL}{section.1.3}% 10
\BOOKMARK [1][-]{section.1.4}{Knows-What-It-Knows \(KWIK\) Learning}{chapter.1}% 11
\BOOKMARK [1][-]{section.1.5}{KWIK Inverse Reinforcement Learning}{chapter.1}% 12
\BOOKMARK [1][-]{section.1.6}{Rest of the document}{chapter.1}% 13
\BOOKMARK [0][-]{chapter.2}{toPRELIMINARIES}{}% 14
\BOOKMARK [1][-]{section.2.1}{Markov Decision Processes}{chapter.2}% 15
\BOOKMARK [1][-]{section.2.2}{Policy and Value Functions}{chapter.2}% 16
\BOOKMARK [2][-]{subsection.2.2.1}{Bellman Equations}{section.2.2}% 17
\BOOKMARK [1][-]{section.2.3}{Parametrized Reward/Value Functions}{chapter.2}% 18
\BOOKMARK [1][-]{section.2.4}{Inverse Reinforcement Learning}{chapter.2}% 19
\BOOKMARK [2][-]{subsection.2.4.1}{Problem of Multiple Optimal Solutions}{section.2.4}% 20
\BOOKMARK [1][-]{section.2.5}{Knows-What-It-Knows Learning Framework}{chapter.2}% 21
\BOOKMARK [0][-]{chapter.3}{toRELATED WORK}{}% 22
\BOOKMARK [1][-]{section.3.1}{Related Learning Models}{chapter.3}% 23
\BOOKMARK [2][-]{subsection.3.1.1}{Probably Approximately Correct Learning}{section.3.1}% 24
\BOOKMARK [2][-]{subsection.3.1.2}{Mistake Bound Model}{section.3.1}% 25
\BOOKMARK [2][-]{subsection.3.1.3}{KWIK-MB learning}{section.3.1}% 26
\BOOKMARK [2][-]{subsection.3.1.4}{KWIK online linear regression}{section.3.1}% 27
\BOOKMARK [2][-]{subsection.3.1.5}{Sketch of Theoretical Analysis}{section.3.1}% 28
\BOOKMARK [3][-]{subsubsection.3.1.5.1}{Proof of Correctness}{subsection.3.1.5}% 29
\BOOKMARK [3][-]{subsubsection.3.1.5.2}{Proof for KWIK Bound}{subsection.3.1.5}% 30
\BOOKMARK [2][-]{subsection.3.1.6}{Selective Sampling}{section.3.1}% 31
\BOOKMARK [1][-]{section.3.2}{Inverse Reinforcement Learning}{chapter.3}% 32
\BOOKMARK [2][-]{subsection.3.2.1}{Characterization of the Solution Set}{section.3.2}% 33
\BOOKMARK [2][-]{subsection.3.2.2}{Problem of Multiple Optimal Solutions}{section.3.2}% 34
\BOOKMARK [2][-]{subsection.3.2.3}{Inverse Reinforcement Learning with Parametrized Rewards}{section.3.2}% 35
\BOOKMARK [2][-]{subsection.3.2.4}{Bayesian Inverse Reinforcement Learning}{section.3.2}% 36
\BOOKMARK [2][-]{subsection.3.2.5}{Maximum Entropy Inverse Reinforcement Learning}{section.3.2}% 37
\BOOKMARK [1][-]{section.3.3}{Active Imitation Learning}{chapter.3}% 38
\BOOKMARK [2][-]{subsection.3.3.1}{Active Model-free Imitation Learning}{section.3.3}% 39
\BOOKMARK [3][-]{subsubsection.3.3.1.1}{Bad State Responses}{subsection.3.3.1}% 40
\BOOKMARK [3][-]{subsubsection.3.3.1.2}{Interactive Policy Learning through Confidence-Based Autonomy}{subsection.3.3.1}% 41
\BOOKMARK [2][-]{subsection.3.3.2}{Active Inverse Reinforcement Learning}{section.3.3}% 42
\BOOKMARK [3][-]{subsubsection.3.3.2.1}{Active LfD for Robust Autonomous Navigation}{subsection.3.3.2}% 43
\BOOKMARK [3][-]{subsubsection.3.3.2.2}{Active Learning in Bayesian Inverse Reinforcement Learning}{subsection.3.3.2}% 44
\BOOKMARK [2][-]{subsection.3.3.3}{Generalization in Apprenticeship Learning}{section.3.3}% 45
\BOOKMARK [2][-]{subsection.3.3.4}{Generalizing Apprenticeship Learning across Hypothesis Classes}{section.3.3}% 46
\BOOKMARK [0][-]{chapter.4}{toKWIK Inverse Reinforcement Learning}{}% 47
\BOOKMARK [1][-]{section.4.1}{Motivation}{chapter.4}% 48
\BOOKMARK [1][-]{section.4.2}{Contribution}{chapter.4}% 49
\BOOKMARK [1][-]{section.4.3}{KWIK-Learner for Binary Classification}{chapter.4}% 50
\BOOKMARK [2][-]{subsection.4.3.1}{A simple KWIK 1-D classification algorithm}{section.4.3}% 51
\BOOKMARK [1][-]{section.4.4}{KWIK Inverse Reinforcement Learning Protocol}{chapter.4}% 52
\BOOKMARK [1][-]{section.4.5}{Multidimensional KWIK Classifier}{chapter.4}% 53
\BOOKMARK [0][-]{chapter.5}{toOVERVIEW}{}% 54
\BOOKMARK [0][-]{chapter.6}{toFUTURE WORK}{}% 55
\BOOKMARK [0][-]{chapter.7}{toAPPENDIX}{}% 56
